<?xml version="1.0" encoding="UTF-8"?>
<!-- Generated by org.testng.reporters.JUnitReportReporter -->
<testsuite hostname="AmitPandey" failures="0" tests="1" name="com.banking.testCases.TC_LoginTest_001" time="7.887" errors="0" timestamp="2022-06-02T11:38:55 IST" skipped="0">
  <testcase classname="com.banking.testCases.TC_LoginTest_001" name="loginTest" time="7.887"/>
  <system-out/>
</testsuite> <!-- com.banking.testCases.TC_LoginTest_001 -->
