<?xml version="1.0" encoding="UTF-8"?>
<!-- Generated by org.testng.reporters.JUnitReportReporter -->
<testsuite hostname="AmitPandey" failures="0" tests="1" name="com.banking.testCases.TC_AddCustomerTest_003" time="25.018" errors="0" timestamp="2022-06-07T11:35:15 IST" skipped="0">
  <testcase classname="com.banking.testCases.TC_AddCustomerTest_003" name="addNewCustomer" time="25.018"/>
  <system-out/>
</testsuite> <!-- com.banking.testCases.TC_AddCustomerTest_003 -->
