<?xml version="1.0" encoding="UTF-8"?>
<!-- Generated by org.testng.reporters.JUnitReportReporter -->
<testsuite hostname="AmitPandey" failures="0" tests="1" name="com.banking.testCases.TC_AddCustomerTest_003" time="24.160" errors="0" timestamp="2022-06-07T14:03:56 IST" skipped="0">
  <testcase classname="com.banking.testCases.TC_AddCustomerTest_003" name="addNewCustomer" time="24.160"/>
  <system-out/>
</testsuite> <!-- com.banking.testCases.TC_AddCustomerTest_003 -->
